app/build/outputs/logs/manifest-merger-debug-report.txt
-- Merging decision tree log ---
manifest
ADDED from AndroidManifest.xml:2:1
	xmlns:android
		ADDED from AndroidManifest.xml:2:11
	package
		ADDED from AndroidManifest.xml:3:7
		INJECTED from AndroidManifest.xml:0:0
		INJECTED from AndroidManifest.xml:0:0
	android:versionName
		ADDED from AndroidManifest.xml:4:38
	android:versionCode
		ADDED from AndroidManifest.xml:4:66
		INJECTED from AndroidManifest.xml:0:0
		INJECTED from AndroidManifest.xml:0:0
	android:installLocation
		ADDED from AndroidManifest.xml:4:7
uses-sdk
ADDED from AndroidManifest.xml:5:5
	android:targetSdkVersion
		ADDED from AndroidManifest.xml:5:41
		INJECTED from AndroidManifest.xml:0:0
		INJECTED from AndroidManifest.xml:0:0
	android:minSdkVersion
		ADDED from AndroidManifest.xml:5:15
		INJECTED from AndroidManifest.xml:0:0
		INJECTED from AndroidManifest.xml:0:0
application
ADDED from AndroidManifest.xml:6:5
	android:label
		ADDED from AndroidManifest.xml:6:62
	android:icon
		ADDED from AndroidManifest.xml:6:18
activity#cz.romario.opensudoku.gui.FolderListActivity
ADDED from AndroidManifest.xml:7:9
	android:label
		ADDED from AndroidManifest.xml:8:19
	android:name
		ADDED from AndroidManifest.xml:7:19
intent-filter#android.intent.action.MAIN+android.intent.category.LAUNCHER
ADDED from AndroidManifest.xml:9:13
action#android.intent.action.MAIN
ADDED from AndroidManifest.xml:10:17
	android:name
		ADDED from AndroidManifest.xml:10:25
category#android.intent.category.LAUNCHER
ADDED from AndroidManifest.xml:11:17
	android:name
		ADDED from AndroidManifest.xml:11:27
activity#cz.romario.opensudoku.gui.SudokuListActivity
ADDED from AndroidManifest.xml:14:9
	android:label
		ADDED from AndroidManifest.xml:15:19
	android:name
		ADDED from AndroidManifest.xml:14:19
activity#cz.romario.opensudoku.gui.SudokuEditActivity
ADDED from AndroidManifest.xml:17:9
	android:label
		ADDED from AndroidManifest.xml:18:19
	android:name
		ADDED from AndroidManifest.xml:17:19
intent-filter#android.intent.action.EDIT+android.intent.action.INSERT+android.intent.category.DEFAULT
ADDED from AndroidManifest.xml:19:10
action#android.intent.action.INSERT
ADDED from AndroidManifest.xml:20:17
	android:name
		ADDED from AndroidManifest.xml:20:25
action#android.intent.action.EDIT
ADDED from AndroidManifest.xml:21:17
	android:name
		ADDED from AndroidManifest.xml:21:25
category#android.intent.category.DEFAULT
ADDED from AndroidManifest.xml:22:17
	android:name
		ADDED from AndroidManifest.xml:22:27
activity#cz.romario.opensudoku.gui.FileImportActivity
ADDED from AndroidManifest.xml:25:9
	android:label
		ADDED from AndroidManifest.xml:26:19
	android:theme
		ADDED from AndroidManifest.xml:27:19
	android:name
		ADDED from AndroidManifest.xml:25:19
intent-filter#android.intent.action.VIEW+android.intent.category.BROWSABLE+android.intent.category.DEFAULT
ADDED from AndroidManifest.xml:28:13
action#android.intent.action.VIEW
ADDED from AndroidManifest.xml:29:21
	android:name
		ADDED from AndroidManifest.xml:29:29
category#android.intent.category.BROWSABLE
ADDED from AndroidManifest.xml:31:21
	android:name
		ADDED from AndroidManifest.xml:31:31
data
ADDED from AndroidManifest.xml:32:21
	android:pathPattern
		ADDED from AndroidManifest.xml:32:67
	android:host
		ADDED from AndroidManifest.xml:32:49
	android:scheme
		ADDED from AndroidManifest.xml:32:27
activity#cz.romario.opensudoku.gui.ImportSudokuActivity
ADDED from AndroidManifest.xml:39:9
	android:name
		ADDED from AndroidManifest.xml:39:19
activity#cz.romario.opensudoku.gui.SudokuImportActivity
ADDED from AndroidManifest.xml:46:9
	android:label
		ADDED from AndroidManifest.xml:47:19
	android:theme
		ADDED from AndroidManifest.xml:48:19
	android:name
		ADDED from AndroidManifest.xml:46:19
activity#cz.romario.opensudoku.gui.SudokuExportActivity
ADDED from AndroidManifest.xml:56:9
	android:label
		ADDED from AndroidManifest.xml:57:19
	android:name
		ADDED from AndroidManifest.xml:56:19
activity#cz.romario.opensudoku.gui.SudokuPlayActivity
ADDED from AndroidManifest.xml:59:9
	android:label
		ADDED from AndroidManifest.xml:60:19
	android:name
		ADDED from AndroidManifest.xml:59:19
activity#cz.romario.opensudoku.gui.GameSettingsActivity
ADDED from AndroidManifest.xml:62:9
	android:label
		ADDED from AndroidManifest.xml:63:19
	android:name
		ADDED from AndroidManifest.xml:62:19
activity#cz.romario.opensudoku.gui.FileListActivity
ADDED from AndroidManifest.xml:65:9
	android:label
		ADDED from AndroidManifest.xml:66:19
	android:name
		ADDED from AndroidManifest.xml:65:19
uses-permission#android.permission.INTERNET
ADDED from AndroidManifest.xml:70:5
	android:name
		ADDED from AndroidManifest.xml:70:22
uses-permission#android.permission.WRITE_EXTERNAL_STORAGE
ADDED from AndroidManifest.xml:71:5
	android:name
		ADDED from AndroidManifest.xml:71:22